mode: set
github.com/topxeq/goconnectit/goconnectit.go:25.47,30.2 1 1
github.com/topxeq/goconnectit/goconnectit.go:33.64,39.2 1 0
github.com/topxeq/goconnectit/goconnectit.go:42.32,45.16 2 0
github.com/topxeq/goconnectit/goconnectit.go:45.16,47.3 1 0
github.com/topxeq/goconnectit/goconnectit.go:48.2,53.6 3 0
github.com/topxeq/goconnectit/goconnectit.go:53.6,55.17 2 0
github.com/topxeq/goconnectit/goconnectit.go:55.17,57.12 2 0
github.com/topxeq/goconnectit/goconnectit.go:61.3,61.30 1 0
github.com/topxeq/goconnectit/goconnectit.go:66.50,71.16 3 0
github.com/topxeq/goconnectit/goconnectit.go:71.16,74.3 2 0
github.com/topxeq/goconnectit/goconnectit.go:77.2,82.6 4 0
github.com/topxeq/goconnectit/goconnectit.go:82.6,84.17 2 0
github.com/topxeq/goconnectit/goconnectit.go:84.17,85.21 1 0
github.com/topxeq/goconnectit/goconnectit.go:85.21,87.5 1 0
github.com/topxeq/goconnectit/goconnectit.go:88.4,88.9 1 0
github.com/topxeq/goconnectit/goconnectit.go:92.3,93.17 2 0
github.com/topxeq/goconnectit/goconnectit.go:93.17,95.9 2 0
github.com/topxeq/goconnectit/goconnectit.go:101.32,104.16 2 0
github.com/topxeq/goconnectit/goconnectit.go:104.16,106.3 1 0
github.com/topxeq/goconnectit/goconnectit.go:107.2,112.6 3 0
github.com/topxeq/goconnectit/goconnectit.go:112.6,114.17 2 0
github.com/topxeq/goconnectit/goconnectit.go:114.17,116.12 2 0
github.com/topxeq/goconnectit/goconnectit.go:120.3,120.37 1 0
github.com/topxeq/goconnectit/goconnectit.go:125.57,130.16 3 0
github.com/topxeq/goconnectit/goconnectit.go:130.16,133.3 2 0
github.com/topxeq/goconnectit/goconnectit.go:134.2,138.16 3 0
github.com/topxeq/goconnectit/goconnectit.go:138.16,141.3 2 0
github.com/topxeq/goconnectit/goconnectit.go:144.2,148.12 3 0
github.com/topxeq/goconnectit/goconnectit.go:148.12,151.7 2 0
github.com/topxeq/goconnectit/goconnectit.go:151.7,153.18 2 0
github.com/topxeq/goconnectit/goconnectit.go:153.18,154.22 1 0
github.com/topxeq/goconnectit/goconnectit.go:154.22,156.6 1 0
github.com/topxeq/goconnectit/goconnectit.go:157.5,157.10 1 0
github.com/topxeq/goconnectit/goconnectit.go:161.4,162.18 2 0
github.com/topxeq/goconnectit/goconnectit.go:162.18,164.10 2 0
github.com/topxeq/goconnectit/goconnectit.go:170.2,170.12 1 0
github.com/topxeq/goconnectit/goconnectit.go:170.12,173.7 2 0
github.com/topxeq/goconnectit/goconnectit.go:173.7,175.18 2 0
github.com/topxeq/goconnectit/goconnectit.go:175.18,176.22 1 0
github.com/topxeq/goconnectit/goconnectit.go:176.22,178.6 1 0
github.com/topxeq/goconnectit/goconnectit.go:179.5,179.10 1 0
github.com/topxeq/goconnectit/goconnectit.go:183.4,184.18 2 0
github.com/topxeq/goconnectit/goconnectit.go:184.18,186.10 2 0
